2023-01-18 14:54:39,549 DEBUG    root            Loaded Command Group: ['gcloud', 'components']
2023-01-18 14:54:39,552 DEBUG    root            Loaded Command Group: ['gcloud', 'components', 'update']
2023-01-18 14:54:39,554 DEBUG    root            Running [gcloud.components.update] with arguments: [--quiet: "True", COMPONENT-IDS:8: "['gcloud', 'core', 'bq', 'gsutil', 'compute', 'preview', 'alpha', 'beta']"]
2023-01-18 14:54:39,555 INFO     ___FILE_ONLY___ Beginning update. This process may take several minutes.

2023-01-18 14:54:39,559 DEBUG    urllib3.connectionpool Starting new HTTPS connection (1): dl.google.com:443
2023-01-18 14:54:39,589 DEBUG    urllib3.connectionpool https://dl.google.com:443 "GET /dl/cloudsdk/channels/rapid/components-2.json HTTP/1.1" 200 202391
2023-01-18 14:54:39,605 WARNING  root            Component [compute] no longer exists.
2023-01-18 14:54:39,605 WARNING  root            Component [preview] no longer exists.
2023-01-18 14:54:39,606 INFO     ___FILE_ONLY___ 

2023-01-18 14:54:39,606 INFO     ___FILE_ONLY___ 
Your current Google Cloud CLI version is: 413.0.0

2023-01-18 14:54:39,606 INFO     ___FILE_ONLY___ Installing components from version: 413.0.0

2023-01-18 14:54:39,606 INFO     ___FILE_ONLY___ 

2023-01-18 14:54:39,609 INFO     ___FILE_ONLY___ ┌──────────────────────────────────────────────┐
2023-01-18 14:54:39,609 INFO     ___FILE_ONLY___ 

2023-01-18 14:54:39,609 INFO     ___FILE_ONLY___ │     These components will be installed.      │
2023-01-18 14:54:39,609 INFO     ___FILE_ONLY___ 

2023-01-18 14:54:39,609 INFO     ___FILE_ONLY___ ├───────────────────────┬────────────┬─────────┤
2023-01-18 14:54:39,609 INFO     ___FILE_ONLY___ 

2023-01-18 14:54:39,609 INFO     ___FILE_ONLY___ │          Name         │  Version   │   Size  │
2023-01-18 14:54:39,610 INFO     ___FILE_ONLY___ 

2023-01-18 14:54:39,610 INFO     ___FILE_ONLY___ ├───────────────────────┼────────────┼─────────┤
2023-01-18 14:54:39,610 INFO     ___FILE_ONLY___ 

2023-01-18 14:54:39,610 INFO     ___FILE_ONLY___ │ 
2023-01-18 14:54:39,610 INFO     ___FILE_ONLY___ gcloud Alpha Commands
2023-01-18 14:54:39,610 INFO     ___FILE_ONLY___  
2023-01-18 14:54:39,610 INFO     ___FILE_ONLY___ │ 
2023-01-18 14:54:39,610 INFO     ___FILE_ONLY___ 2023.01.06
2023-01-18 14:54:39,610 INFO     ___FILE_ONLY___  
2023-01-18 14:54:39,610 INFO     ___FILE_ONLY___ │ 
2023-01-18 14:54:39,610 INFO     ___FILE_ONLY___ < 1 MiB
2023-01-18 14:54:39,610 INFO     ___FILE_ONLY___  
2023-01-18 14:54:39,610 INFO     ___FILE_ONLY___ │
2023-01-18 14:54:39,610 INFO     ___FILE_ONLY___ 

2023-01-18 14:54:39,610 INFO     ___FILE_ONLY___ │ 
2023-01-18 14:54:39,611 INFO     ___FILE_ONLY___ gcloud Beta Commands 
2023-01-18 14:54:39,611 INFO     ___FILE_ONLY___  
2023-01-18 14:54:39,611 INFO     ___FILE_ONLY___ │ 
2023-01-18 14:54:39,611 INFO     ___FILE_ONLY___ 2023.01.06
2023-01-18 14:54:39,611 INFO     ___FILE_ONLY___  
2023-01-18 14:54:39,611 INFO     ___FILE_ONLY___ │ 
2023-01-18 14:54:39,611 INFO     ___FILE_ONLY___ < 1 MiB
2023-01-18 14:54:39,611 INFO     ___FILE_ONLY___  
2023-01-18 14:54:39,611 INFO     ___FILE_ONLY___ │
2023-01-18 14:54:39,611 INFO     ___FILE_ONLY___ 

2023-01-18 14:54:39,611 INFO     ___FILE_ONLY___ └───────────────────────┴────────────┴─────────┘
2023-01-18 14:54:39,611 INFO     ___FILE_ONLY___ 

2023-01-18 14:54:39,611 INFO     ___FILE_ONLY___ 

2023-01-18 14:54:39,614 DEBUG    urllib3.connectionpool Starting new HTTPS connection (1): dl.google.com:443
2023-01-18 14:54:39,713 DEBUG    urllib3.connectionpool https://dl.google.com:443 "GET /dl/cloudsdk/channels/rapid/RELEASE_NOTES HTTP/1.1" 200 926758
2023-01-18 14:54:39,738 INFO     ___FILE_ONLY___ For the latest full release notes, please visit:
  https://cloud.google.com/sdk/release_notes


2023-01-18 14:54:39,744 INFO     ___FILE_ONLY___ ╔════════════════════════════════════════════════════════════╗

2023-01-18 14:54:39,744 INFO     ___FILE_ONLY___ ╠═ Creating update staging area                             ═╣

2023-01-18 14:54:39,744 INFO     ___FILE_ONLY___ ╚
2023-01-18 14:54:39,745 INFO     ___FILE_ONLY___ ══════
2023-01-18 14:54:40,312 INFO     ___FILE_ONLY___ ══════
2023-01-18 14:54:40,312 INFO     ___FILE_ONLY___ ══════
2023-01-18 14:54:40,615 INFO     ___FILE_ONLY___ ═
2023-01-18 14:54:40,686 INFO     ___FILE_ONLY___ ═
2023-01-18 14:54:40,774 INFO     ___FILE_ONLY___ ═
2023-01-18 14:54:40,878 INFO     ___FILE_ONLY___ ═
2023-01-18 14:54:40,988 INFO     ___FILE_ONLY___ ═
2023-01-18 14:54:41,113 INFO     ___FILE_ONLY___ ═
2023-01-18 14:54:41,182 INFO     ___FILE_ONLY___ ═
2023-01-18 14:54:41,246 INFO     ___FILE_ONLY___ ═
2023-01-18 14:54:41,396 INFO     ___FILE_ONLY___ ═
2023-01-18 14:54:41,467 INFO     ___FILE_ONLY___ ═
2023-01-18 14:54:41,546 INFO     ___FILE_ONLY___ ═
2023-01-18 14:54:41,643 INFO     ___FILE_ONLY___ ═
2023-01-18 14:54:41,721 INFO     ___FILE_ONLY___ ═
2023-01-18 14:54:41,790 INFO     ___FILE_ONLY___ ═
2023-01-18 14:54:41,964 INFO     ___FILE_ONLY___ ═
2023-01-18 14:54:42,119 INFO     ___FILE_ONLY___ ═
2023-01-18 14:54:42,235 INFO     ___FILE_ONLY___ ═
2023-01-18 14:54:42,534 INFO     ___FILE_ONLY___ ═
2023-01-18 14:54:42,598 INFO     ___FILE_ONLY___ ═
2023-01-18 14:54:42,702 INFO     ___FILE_ONLY___ ═
2023-01-18 14:54:42,765 INFO     ___FILE_ONLY___ ═
2023-01-18 14:54:42,827 INFO     ___FILE_ONLY___ ═
2023-01-18 14:54:42,884 INFO     ___FILE_ONLY___ ═
2023-01-18 14:54:42,957 INFO     ___FILE_ONLY___ ═
2023-01-18 14:54:43,042 INFO     ___FILE_ONLY___ ═
2023-01-18 14:54:43,110 INFO     ___FILE_ONLY___ ═
2023-01-18 14:54:43,183 INFO     ___FILE_ONLY___ ═
2023-01-18 14:54:43,246 INFO     ___FILE_ONLY___ ═
2023-01-18 14:54:43,308 INFO     ___FILE_ONLY___ ═
2023-01-18 14:54:43,360 INFO     ___FILE_ONLY___ ═
2023-01-18 14:54:43,430 INFO     ___FILE_ONLY___ ═
2023-01-18 14:54:43,489 INFO     ___FILE_ONLY___ ═
2023-01-18 14:54:43,552 INFO     ___FILE_ONLY___ ═
2023-01-18 14:54:43,610 INFO     ___FILE_ONLY___ ═
2023-01-18 14:54:43,671 INFO     ___FILE_ONLY___ ═
2023-01-18 14:54:43,727 INFO     ___FILE_ONLY___ ═
2023-01-18 14:54:43,774 INFO     ___FILE_ONLY___ ═
2023-01-18 14:54:43,842 INFO     ___FILE_ONLY___ ═
2023-01-18 14:54:43,910 INFO     ___FILE_ONLY___ ═
2023-01-18 14:54:43,995 INFO     ___FILE_ONLY___ ═
2023-01-18 14:54:44,124 INFO     ___FILE_ONLY___ ═
2023-01-18 14:54:44,203 INFO     ___FILE_ONLY___ ═
2023-01-18 14:54:44,204 INFO     ___FILE_ONLY___ ╝

2023-01-18 14:54:46,698 INFO     ___FILE_ONLY___ ╔════════════════════════════════════════════════════════════╗

2023-01-18 14:54:46,698 INFO     ___FILE_ONLY___ ╠═ Installing: gcloud Alpha Commands                        ═╣

2023-01-18 14:54:46,698 INFO     ___FILE_ONLY___ ╚
2023-01-18 14:54:46,702 DEBUG    urllib3.connectionpool Starting new HTTPS connection (1): dl.google.com:443
2023-01-18 14:54:46,730 DEBUG    urllib3.connectionpool https://dl.google.com:443 "GET /dl/cloudsdk/channels/rapid/components/google-cloud-sdk-alpha-20230106151201.tar.gz HTTP/1.1" 200 800
2023-01-18 14:54:46,731 INFO     ___FILE_ONLY___ ══════════════════════════════
2023-01-18 14:54:46,732 INFO     ___FILE_ONLY___ ══════════════════════════════
2023-01-18 14:54:46,732 INFO     ___FILE_ONLY___ ╝

2023-01-18 14:54:46,743 INFO     ___FILE_ONLY___ ╔════════════════════════════════════════════════════════════╗

2023-01-18 14:54:46,743 INFO     ___FILE_ONLY___ ╠═ Installing: gcloud Beta Commands                         ═╣

2023-01-18 14:54:46,743 INFO     ___FILE_ONLY___ ╚
2023-01-18 14:54:46,747 DEBUG    urllib3.connectionpool Starting new HTTPS connection (1): dl.google.com:443
2023-01-18 14:54:46,832 DEBUG    urllib3.connectionpool https://dl.google.com:443 "GET /dl/cloudsdk/channels/rapid/components/google-cloud-sdk-beta-20230106151201.tar.gz HTTP/1.1" 200 797
2023-01-18 14:54:46,833 INFO     ___FILE_ONLY___ ══════════════════════════════
2023-01-18 14:54:46,834 INFO     ___FILE_ONLY___ ══════════════════════════════
2023-01-18 14:54:46,834 INFO     ___FILE_ONLY___ ╝

2023-01-18 14:54:46,845 INFO     ___FILE_ONLY___ ╔════════════════════════════════════════════════════════════╗

2023-01-18 14:54:46,846 INFO     ___FILE_ONLY___ ╠═ Creating backup and activating new installation          ═╣

2023-01-18 14:54:46,846 INFO     ___FILE_ONLY___ ╚
2023-01-18 14:54:46,846 DEBUG    root            Attempting to move directory [/tools/google-cloud-sdk] to [/tools/google-cloud-sdk.staging/.install/.backup]
2023-01-18 14:54:46,846 INFO     ___FILE_ONLY___ ══════════════════════════════
2023-01-18 14:54:46,846 DEBUG    root            Attempting to move directory [/tools/google-cloud-sdk.staging] to [/tools/google-cloud-sdk]
2023-01-18 14:54:46,847 INFO     ___FILE_ONLY___ ══════════════════════════════
2023-01-18 14:54:46,847 INFO     ___FILE_ONLY___ ╝

2023-01-18 14:54:46,851 DEBUG    root            Updating notification cache...
2023-01-18 14:54:46,852 INFO     ___FILE_ONLY___ 

2023-01-18 14:54:46,856 INFO     ___FILE_ONLY___ Performing post processing steps...
2023-01-18 14:54:46,857 DEBUG    root            Executing command: ['python3', '-S', '/tools/google-cloud-sdk/lib/gcloud.py', 'components', 'post-process']
2023-01-18 14:55:11,705 DEBUG    ___FILE_ONLY___ 
2023-01-18 14:55:11,706 DEBUG    ___FILE_ONLY___ 
2023-01-18 14:55:11,894 INFO     ___FILE_ONLY___ 
Update done!


2023-01-18 14:55:11,898 INFO     root            Display format: "none"
